<?xml version="1.0" encoding="UTF-8"?>
<!-- Generated by org.testng.reporters.JUnitReportReporter -->
<testsuite hostname="HN-SD-0345-WK" name="selenium_api.Topic_02" tests="1" failures="0" timestamp="9 Jul 2018 10:32:33 GMT" time="12.474" errors="0">
  <testcase name="test_03" time="12.474" classname="selenium_api.Topic_02"/>
</testsuite> <!-- selenium_api.Topic_02 -->
